<?xml version="1.0" encoding="UTF-8"?>
<!-- Generated by org.testng.reporters.JUnitReportReporter -->
<testsuite hostname="MOBASSIR-ERHSHJS" failures="0" tests="2" name="day1.GETandPOST" time="3.004" errors="0" timestamp="2024-10-14T16:10:31 SAST" skipped="0">
  <testcase classname="day1.GETandPOST" name="test_1" time="2.531"/>
  <testcase classname="day1.GETandPOST" name="test_2Post" time="0.473"/>
</testsuite> <!-- day1.GETandPOST -->
