<?xml version="1.0" encoding="UTF-8"?>
<!-- Generated by org.testng.reporters.JUnitReportReporter -->
<testsuite hostname="MOBASSIR-ERHSHJS" failures="0" tests="2" name="day1.FirstRestTest" time="1.102" errors="0" timestamp="2024-10-14T11:23:09 SAST" skipped="0">
  <testcase classname="day1.FirstRestTest" name="test_1" time="0.018"/>
  <testcase classname="day1.FirstRestTest" name="test_2" time="1.084"/>
</testsuite> <!-- day1.FirstRestTest -->
