<?xml version="1.0" encoding="UTF-8"?>
<!-- Generated by org.testng.reporters.JUnitReportReporter -->
<testsuite hostname="MOBASSIR-ERHSHJS" failures="0" tests="2" name="currentWeatherForcast.JsonServerRequest" time="2.098" errors="0" timestamp="2024-10-15T11:13:09 SAST" skipped="0">
  <testcase classname="currentWeatherForcast.JsonServerRequest" name="test_1" time="1.647"/>
  <testcase classname="currentWeatherForcast.JsonServerRequest" name="test_4" time="0.451"/>
</testsuite> <!-- currentWeatherForcast.JsonServerRequest -->
