<?xml version="1.0" encoding="UTF-8"?>
<!-- Generated by org.testng.reporters.JUnitReportReporter -->
<testsuite hostname="MOBASSIR-ERHSHJS" failures="0" tests="2" name="currentWeatherForcast.WeatherGetRequest" time="2.716" errors="0" timestamp="2024-10-14T18:15:26 SAST" skipped="0">
  <testcase classname="currentWeatherForcast.WeatherGetRequest" name="test_5" time="0.436"/>
  <testcase classname="currentWeatherForcast.WeatherGetRequest" name="test_4" time="2.280"/>
</testsuite> <!-- currentWeatherForcast.WeatherGetRequest -->
