<?xml version="1.0" encoding="UTF-8"?>
<!-- Generated by org.testng.reporters.JUnitReportReporter -->
<testsuite hostname="MOBASSIR-ERHSHJS" failures="0" tests="2" name="currentWeatherForcast.WeatherPathFinder" time="7.021" errors="0" timestamp="2024-10-15T09:37:58 SAST" skipped="0">
  <testcase classname="currentWeatherForcast.WeatherPathFinder" name="test_3" time="5.145"/>
  <testcase classname="currentWeatherForcast.WeatherPathFinder" name="test_4" time="1.876"/>
</testsuite> <!-- currentWeatherForcast.WeatherPathFinder -->
